Inicio a): 16:39:52:546781429 -  1435433992
Fin a): 16:39:58:633414962 -  1435433998
Se verifica el espacio -h
S.ficheros     Tamaño Usados  Disp Uso% Montado en
/dev/sdb1        2,0G   545M  1,5G  27% /media/usb
Se verifica el espacio -i
S.ficheros     Nodos-i NUsados NLibres NUso% Montado en
/dev/sdb1            0       0       0     - /media/usb
Fragmentacion
###########
reiserfsck --check started at Sat Jun 27 16:42:02 2015
###########
Replaying journal: Done.
Reiserfs journal '/dev/sdb1' in blocks [18..8211]: 0 transactions replayed
Checking internal tree.. finished
Comparing bitmaps..finished
Checking Semantic tree:
finished
No corruptions found
There are on the filesystem:
	Leaves 147
	Internal nodes 1
	Directories 2
	Other files 512
	Data block pointers 131072 (0 of them are zero)
	Safe links 0
###########
reiserfsck finished at Sat Jun 27 16:42:04 2015
###########

