Inicio e): 16:51:02:288544500 - 1435434662
Fin e): 16:51:02:807426797 - 1435434662
Se verifica el espacio -h
S.ficheros     Tamaño Usados  Disp Uso% Montado en
/dev/sdb1        2,0G   1,8G  219M  90% /media/usb
Se verifica el espacio -i
S.ficheros     Nodos-i NUsados NLibres NUso% Montado en
/dev/sdb1            0       0       0     - /media/usb
Fragmentacion
###########
reiserfsck --check started at Sat Jun 27 16:51:38 2015
###########
Replaying journal: Done.
Reiserfs journal '/dev/sdb1' in blocks [18..8211]: 0 transactions replayed
Checking internal tree.. finished
Comparing bitmaps..finished
Checking Semantic tree:
finished
No corruptions found
There are on the filesystem:
	Leaves 472
	Internal nodes 4
	Directories 2
	Other files 546
	Data block pointers 459776 (0 of them are zero)
	Safe links 0
###########
reiserfsck finished at Sat Jun 27 16:51:40 2015
###########

